2015/06/16 03:26:49 [warning] [application] Failed to set unsafe attribute "foto" of "Fotos".
in C:\wamp\www\kichwa\protected\controllers\FotosController.php (68)
in C:\wamp\www\kichwa\index.php (13)
2015/06/16 03:28:15 [warning] [application] Failed to set unsafe attribute "foto" of "Fotos".
in C:\wamp\www\kichwa\protected\controllers\FotosController.php (68)
in C:\wamp\www\kichwa\index.php (13)
2015/06/16 03:30:12 [warning] [application] Failed to set unsafe attribute "foto" of "Fotos".
in C:\wamp\www\kichwa\protected\controllers\FotosController.php (68)
in C:\wamp\www\kichwa\index.php (13)
2015/06/16 03:32:27 [warning] [application] Failed to set unsafe attribute "foto" of "Fotos".
in C:\wamp\www\kichwa\protected\controllers\FotosController.php (68)
in C:\wamp\www\kichwa\index.php (13)
2015/06/16 03:33:19 [warning] [application] Failed to set unsafe attribute "foto" of "Fotos".
in C:\wamp\www\kichwa\protected\controllers\FotosController.php (68)
in C:\wamp\www\kichwa\index.php (13)
2015/06/16 03:33:25 [warning] [application] Failed to set unsafe attribute "foto" of "Fotos".
in C:\wamp\www\kichwa\protected\controllers\FotosController.php (68)
in C:\wamp\www\kichwa\index.php (13)
2015/06/16 03:33:30 [warning] [application] Failed to set unsafe attribute "foto" of "Fotos".
in C:\wamp\www\kichwa\protected\controllers\FotosController.php (68)
in C:\wamp\www\kichwa\index.php (13)
2015/06/16 03:37:22 [warning] [application] Failed to set unsafe attribute "foto" of "Fotos".
in C:\wamp\www\kichwa\protected\controllers\FotosController.php (68)
in C:\wamp\www\kichwa\index.php (13)
2015/06/16 03:39:25 [warning] [application] Failed to set unsafe attribute "foto" of "Fotos".
in C:\wamp\www\kichwa\protected\controllers\FotosController.php (68)
in C:\wamp\www\kichwa\index.php (13)
2015/06/16 03:56:44 [error] [php] Undefined variable: model (C:\wamp\www\kichwa\protected\views\fotos\_view.php:18)
Stack trace:
#0 C:\wamp\www\yii\framework\zii\widgets\CListView.php(291): FotosController->renderFile()
#1 C:\wamp\www\yii\framework\zii\widgets\CBaseListView.php(167): CListView->renderItems()
#2 unknown(0): CListView->renderSection()
#3 C:\wamp\www\yii\framework\zii\widgets\CBaseListView.php(150): preg_replace_callback()
#4 C:\wamp\www\yii\framework\zii\widgets\CBaseListView.php(135): CListView->renderContent()
#5 C:\wamp\www\yii\framework\web\CBaseController.php(173): CListView->run()
#6 C:\wamp\www\kichwa\protected\views\fotos\index.php(20): FotosController->widget()
#7 C:\wamp\www\yii\framework\web\CBaseController.php(126): require()
#8 C:\wamp\www\yii\framework\web\CBaseController.php(95): FotosController->renderInternal()
#9 C:\wamp\www\yii\framework\web\CController.php(869): FotosController->renderFile()
#10 C:\wamp\www\yii\framework\web\CController.php(782): FotosController->renderPartial()
#11 C:\wamp\www\kichwa\protected\controllers\FotosController.php(123): FotosController->render()
#12 C:\wamp\www\yii\framework\web\actions\CInlineAction.php(49): FotosController->actionIndex()
#13 C:\wamp\www\yii\framework\web\CController.php(308): CInlineAction->runWithParams()
#14 C:\wamp\www\yii\framework\web\filters\CFilterChain.php(133): FotosController->runAction()
#15 C:\wamp\www\yii\framework\web\filters\CFilter.php(40): CFilterChain->run()
#16 C:\wamp\www\yii\framework\web\CController.php(1145): CAccessControlFilter->filter()
#17 C:\wamp\www\yii\framework\web\filters\CInlineFilter.php(58): FotosController->filterAccessControl()
#18 C:\wamp\www\yii\framework\web\filters\CFilterChain.php(130): CInlineFilter->filter()
#19 C:\wamp\www\yii\framework\web\CController.php(291): CFilterChain->run()
#20 C:\wamp\www\yii\framework\web\CController.php(265): FotosController->runActionWithFilters()
#21 C:\wamp\www\yii\framework\web\CWebApplication.php(282): FotosController->run()
#22 C:\wamp\www\yii\framework\web\CWebApplication.php(141): CWebApplication->runController()
#23 C:\wamp\www\yii\framework\base\CApplication.php(180): CWebApplication->processRequest()
#24 C:\wamp\www\kichwa\index.php(13): CWebApplication->run()
REQUEST_URI=/kichwa/index.php?r=fotos/index
in C:\wamp\www\kichwa\protected\views\fotos\_view.php (18)
in C:\wamp\www\kichwa\protected\views\fotos\index.php (20)
in C:\wamp\www\kichwa\protected\controllers\FotosController.php (123)
2015/06/16 04:24:13 [warning] [application] Failed to set unsafe attribute "foto" of "Fotos".
in C:\wamp\www\kichwa\protected\controllers\FotosController.php (68)
in C:\wamp\www\kichwa\index.php (13)
2015/06/16 04:25:24 [warning] [application] Failed to set unsafe attribute "foto" of "Fotos".
in C:\wamp\www\kichwa\protected\controllers\FotosController.php (68)
in C:\wamp\www\kichwa\index.php (13)
2015/06/16 04:26:22 [error] [php] htmlspecialchars() expects parameter 1 to be string, array given (C:\wamp\www\yii\framework\web\helpers\CHtml.php:103)
Stack trace:
#0 C:\wamp\www\yii\framework\web\helpers\CHtml.php(158): renderAttributes()
#1 C:\wamp\www\yii\framework\web\helpers\CHtml.php(442): tag()
#2 C:\wamp\www\kichwa\protected\views\fotos\_view.php(17): image()
#3 C:\wamp\www\yii\framework\web\CBaseController.php(130): require()
#4 C:\wamp\www\yii\framework\web\CBaseController.php(95): FotosController->renderInternal()
#5 C:\wamp\www\yii\framework\zii\widgets\CListView.php(291): FotosController->renderFile()
#6 C:\wamp\www\yii\framework\zii\widgets\CBaseListView.php(167): CListView->renderItems()
#7 unknown(0): CListView->renderSection()
#8 C:\wamp\www\yii\framework\zii\widgets\CBaseListView.php(150): preg_replace_callback()
#9 C:\wamp\www\yii\framework\zii\widgets\CBaseListView.php(135): CListView->renderContent()
#10 C:\wamp\www\yii\framework\web\CBaseController.php(173): CListView->run()
#11 C:\wamp\www\kichwa\protected\views\fotos\index.php(20): FotosController->widget()
#12 C:\wamp\www\yii\framework\web\CBaseController.php(126): require()
#13 C:\wamp\www\yii\framework\web\CBaseController.php(95): FotosController->renderInternal()
#14 C:\wamp\www\yii\framework\web\CController.php(869): FotosController->renderFile()
#15 C:\wamp\www\yii\framework\web\CController.php(782): FotosController->renderPartial()
#16 C:\wamp\www\kichwa\protected\controllers\FotosController.php(123): FotosController->render()
#17 C:\wamp\www\yii\framework\web\actions\CInlineAction.php(49): FotosController->actionIndex()
#18 C:\wamp\www\yii\framework\web\CController.php(308): CInlineAction->runWithParams()
#19 C:\wamp\www\yii\framework\web\filters\CFilterChain.php(133): FotosController->runAction()
#20 C:\wamp\www\yii\framework\web\filters\CFilter.php(40): CFilterChain->run()
#21 C:\wamp\www\yii\framework\web\CController.php(1145): CAccessControlFilter->filter()
#22 C:\wamp\www\yii\framework\web\filters\CInlineFilter.php(58): FotosController->filterAccessControl()
#23 C:\wamp\www\yii\framework\web\filters\CFilterChain.php(130): CInlineFilter->filter()
#24 C:\wamp\www\yii\framework\web\CController.php(291): CFilterChain->run()
#25 C:\wamp\www\yii\framework\web\CController.php(265): FotosController->runActionWithFilters()
#26 C:\wamp\www\yii\framework\web\CWebApplication.php(282): FotosController->run()
#27 C:\wamp\www\yii\framework\web\CWebApplication.php(141): CWebApplication->runController()
#28 C:\wamp\www\yii\framework\base\CApplication.php(180): CWebApplication->processRequest()
#29 C:\wamp\www\kichwa\index.php(13): CWebApplication->run()
REQUEST_URI=/kichwa/index.php?r=fotos/index
in C:\wamp\www\kichwa\protected\views\fotos\_view.php (17)
in C:\wamp\www\kichwa\protected\views\fotos\index.php (20)
in C:\wamp\www\kichwa\protected\controllers\FotosController.php (123)
2015/06/16 04:27:38 [warning] [application] Failed to set unsafe attribute "foto" of "Fotos".
in C:\wamp\www\kichwa\protected\controllers\FotosController.php (68)
in C:\wamp\www\kichwa\index.php (13)
2015/06/16 04:30:57 [error] [php] Undefined variable: data (C:\wamp\www\kichwa\protected\views\fotos\_search.php:28)
Stack trace:
#0 C:\wamp\www\yii\framework\web\CController.php(869): FotosController->renderFile()
#1 C:\wamp\www\kichwa\protected\views\fotos\admin.php(40): FotosController->renderPartial()
#2 C:\wamp\www\yii\framework\web\CBaseController.php(126): require()
#3 C:\wamp\www\yii\framework\web\CBaseController.php(95): FotosController->renderInternal()
#4 C:\wamp\www\yii\framework\web\CController.php(869): FotosController->renderFile()
#5 C:\wamp\www\yii\framework\web\CController.php(782): FotosController->renderPartial()
#6 C:\wamp\www\kichwa\protected\controllers\FotosController.php(137): FotosController->render()
#7 C:\wamp\www\yii\framework\web\actions\CInlineAction.php(49): FotosController->actionAdmin()
#8 C:\wamp\www\yii\framework\web\CController.php(308): CInlineAction->runWithParams()
#9 C:\wamp\www\yii\framework\web\filters\CFilterChain.php(133): FotosController->runAction()
#10 C:\wamp\www\yii\framework\web\filters\CFilter.php(40): CFilterChain->run()
#11 C:\wamp\www\yii\framework\web\CController.php(1145): CAccessControlFilter->filter()
#12 C:\wamp\www\yii\framework\web\filters\CInlineFilter.php(58): FotosController->filterAccessControl()
#13 C:\wamp\www\yii\framework\web\filters\CFilterChain.php(130): CInlineFilter->filter()
#14 C:\wamp\www\yii\framework\web\CController.php(291): CFilterChain->run()
#15 C:\wamp\www\yii\framework\web\CController.php(265): FotosController->runActionWithFilters()
#16 C:\wamp\www\yii\framework\web\CWebApplication.php(282): FotosController->run()
#17 C:\wamp\www\yii\framework\web\CWebApplication.php(141): CWebApplication->runController()
#18 C:\wamp\www\yii\framework\base\CApplication.php(180): CWebApplication->processRequest()
#19 C:\wamp\www\kichwa\index.php(13): CWebApplication->run()
REQUEST_URI=/kichwa/index.php?r=fotos/admin
in C:\wamp\www\kichwa\protected\views\fotos\_search.php (28)
in C:\wamp\www\kichwa\protected\views\fotos\admin.php (40)
in C:\wamp\www\kichwa\protected\controllers\FotosController.php (137)
2015/06/16 04:34:25 [warning] [application] Failed to set unsafe attribute "foto" of "Fotos".
in C:\wamp\www\kichwa\protected\controllers\FotosController.php (133)
in C:\wamp\www\kichwa\index.php (13)
2015/06/16 04:34:31 [warning] [application] Failed to set unsafe attribute "foto" of "Fotos".
in C:\wamp\www\kichwa\protected\controllers\FotosController.php (133)
in C:\wamp\www\kichwa\index.php (13)
2015/06/16 04:45:08 [warning] [application] Failed to set unsafe attribute "foto" of "Fotos".
in C:\wamp\www\kichwa\protected\controllers\FotosController.php (133)
in C:\wamp\www\kichwa\index.php (13)
2015/06/16 04:45:22 [warning] [application] Failed to set unsafe attribute "foto" of "Fotos".
in C:\wamp\www\kichwa\protected\controllers\FotosController.php (133)
in C:\wamp\www\kichwa\index.php (13)
2015/06/16 04:48:32 [error] [exception.CException] exception 'CException' with message 'Property "Fotos.imagen" is not defined.' in C:\wamp\www\yii\framework\base\CComponent.php:130
Stack trace:
#0 C:\wamp\www\yii\framework\db\ar\CActiveRecord.php(145): CComponent->__get('imagen')
#1 C:\wamp\www\yii\framework\web\helpers\CHtml.php(2529): CActiveRecord->__get('imagen')
#2 C:\wamp\www\yii\framework\web\helpers\CHtml.php(2252): CHtml::resolveValue(Object(Fotos), 'imagen')
#3 C:\wamp\www\yii\framework\web\helpers\CHtml.php(1434): CHtml::activeInputField('text', Object(Fotos), 'imagen', Array)
#4 C:\wamp\www\yii\framework\zii\widgets\grid\CDataColumn.php(103): CHtml::activeTextField(Object(Fotos), 'imagen', Array)
#5 C:\wamp\www\yii\framework\zii\widgets\grid\CGridColumn.php(116): CDataColumn->renderFilterCellContent()
#6 C:\wamp\www\yii\framework\zii\widgets\grid\CGridView.php(532): CGridColumn->renderFilterCell()
#7 C:\wamp\www\yii\framework\zii\widgets\grid\CGridView.php(510): CGridView->renderFilter()
#8 C:\wamp\www\yii\framework\zii\widgets\grid\CGridView.php(480): CGridView->renderTableHeader()
#9 C:\wamp\www\yii\framework\zii\widgets\CBaseListView.php(167): CGridView->renderItems()
#10 [internal function]: CBaseListView->renderSection(Array)
#11 C:\wamp\www\yii\framework\zii\widgets\CBaseListView.php(150): preg_replace_callback('/{(\w+)}/', Array, '{summary}?{item...')
#12 C:\wamp\www\yii\framework\zii\widgets\CBaseListView.php(135): CBaseListView->renderContent()
#13 C:\wamp\www\yii\framework\web\CBaseController.php(173): CBaseListView->run()
#14 C:\wamp\www\kichwa\protected\views\fotos\admin.php(62): CBaseController->widget('zii.widgets.gri...', Array)
#15 C:\wamp\www\yii\framework\web\CBaseController.php(126): require('C:\wamp\www\kic...')
#16 C:\wamp\www\yii\framework\web\CBaseController.php(95): CBaseController->renderInternal('C:\wamp\www\kic...', Array, true)
#17 C:\wamp\www\yii\framework\web\CController.php(869): CBaseController->renderFile('C:\wamp\www\kic...', Array, true)
#18 C:\wamp\www\yii\framework\web\CController.php(782): CController->renderPartial('admin', Array, true)
#19 C:\wamp\www\kichwa\protected\controllers\FotosController.php(137): CController->render('admin', Array)
#20 C:\wamp\www\yii\framework\web\actions\CInlineAction.php(49): FotosController->actionAdmin()
#21 C:\wamp\www\yii\framework\web\CController.php(308): CInlineAction->runWithParams(Array)
#22 C:\wamp\www\yii\framework\web\filters\CFilterChain.php(133): CController->runAction(Object(CInlineAction))
#23 C:\wamp\www\yii\framework\web\filters\CFilter.php(40): CFilterChain->run()
#24 C:\wamp\www\yii\framework\web\CController.php(1145): CFilter->filter(Object(CFilterChain))
#25 C:\wamp\www\yii\framework\web\filters\CInlineFilter.php(58): CController->filterAccessControl(Object(CFilterChain))
#26 C:\wamp\www\yii\framework\web\filters\CFilterChain.php(130): CInlineFilter->filter(Object(CFilterChain))
#27 C:\wamp\www\yii\framework\web\CController.php(291): CFilterChain->run()
#28 C:\wamp\www\yii\framework\web\CController.php(265): CController->runActionWithFilters(Object(CInlineAction), Array)
#29 C:\wamp\www\yii\framework\web\CWebApplication.php(282): CController->run('admin')
#30 C:\wamp\www\yii\framework\web\CWebApplication.php(141): CWebApplication->runController('fotos/admin')
#31 C:\wamp\www\yii\framework\base\CApplication.php(180): CWebApplication->processRequest()
#32 C:\wamp\www\kichwa\index.php(13): CApplication->run()
#33 {main}
REQUEST_URI=/kichwa/index.php?r=fotos/admin
HTTP_REFERER=http://localhost/kichwa/index.php?r=fotos/index
---
2015/06/16 04:49:18 [warning] [application] Failed to set unsafe attribute "foto" of "Fotos".
in C:\wamp\www\kichwa\protected\controllers\FotosController.php (133)
in C:\wamp\www\kichwa\index.php (13)
2015/06/16 04:49:26 [warning] [application] Failed to set unsafe attribute "foto" of "Fotos".
in C:\wamp\www\kichwa\protected\controllers\FotosController.php (133)
in C:\wamp\www\kichwa\index.php (13)
2015/06/16 04:52:10 [error] [php] Undefined variable: data (C:\wamp\www\kichwa\protected\views\fotos\admin.php:56)
Stack trace:
#0 C:\wamp\www\yii\framework\web\CController.php(869): FotosController->renderFile()
#1 C:\wamp\www\yii\framework\web\CController.php(782): FotosController->renderPartial()
#2 C:\wamp\www\kichwa\protected\controllers\FotosController.php(137): FotosController->render()
#3 C:\wamp\www\yii\framework\web\actions\CInlineAction.php(49): FotosController->actionAdmin()
#4 C:\wamp\www\yii\framework\web\CController.php(308): CInlineAction->runWithParams()
#5 C:\wamp\www\yii\framework\web\filters\CFilterChain.php(133): FotosController->runAction()
#6 C:\wamp\www\yii\framework\web\filters\CFilter.php(40): CFilterChain->run()
#7 C:\wamp\www\yii\framework\web\CController.php(1145): CAccessControlFilter->filter()
#8 C:\wamp\www\yii\framework\web\filters\CInlineFilter.php(58): FotosController->filterAccessControl()
#9 C:\wamp\www\yii\framework\web\filters\CFilterChain.php(130): CInlineFilter->filter()
#10 C:\wamp\www\yii\framework\web\CController.php(291): CFilterChain->run()
#11 C:\wamp\www\yii\framework\web\CController.php(265): FotosController->runActionWithFilters()
#12 C:\wamp\www\yii\framework\web\CWebApplication.php(282): FotosController->run()
#13 C:\wamp\www\yii\framework\web\CWebApplication.php(141): CWebApplication->runController()
#14 C:\wamp\www\yii\framework\base\CApplication.php(180): CWebApplication->processRequest()
#15 C:\wamp\www\kichwa\index.php(13): CWebApplication->run()
REQUEST_URI=/kichwa/index.php?r=fotos/admin
in C:\wamp\www\kichwa\protected\views\fotos\admin.php (56)
in C:\wamp\www\kichwa\protected\controllers\FotosController.php (137)
in C:\wamp\www\kichwa\index.php (13)
2015/06/16 04:59:25 [error] [php] htmlspecialchars() expects parameter 1 to be string, array given (C:\wamp\www\yii\framework\web\helpers\CHtml.php:103)
Stack trace:
#0 C:\wamp\www\yii\framework\web\helpers\CHtml.php(158): renderAttributes()
#1 C:\wamp\www\yii\framework\web\helpers\CHtml.php(442): tag()
#2 C:\wamp\www\yii\framework\base\CComponent.php(612) : eval()'d code(1): image()
#3 C:\wamp\www\yii\framework\base\CComponent.php(612): eval()
#4 C:\wamp\www\yii\framework\zii\widgets\grid\CDataColumn.php(137): CDataColumn->evaluateExpression()
#5 C:\wamp\www\yii\framework\zii\widgets\grid\CGridColumn.php(151): CDataColumn->renderDataCellContent()
#6 C:\wamp\www\yii\framework\zii\widgets\grid\CGridView.php(616): CDataColumn->renderDataCell()
#7 C:\wamp\www\yii\framework\zii\widgets\grid\CGridView.php(572): CGridView->renderTableRow()
#8 C:\wamp\www\yii\framework\zii\widgets\grid\CGridView.php(482): CGridView->renderTableBody()
#9 C:\wamp\www\yii\framework\zii\widgets\CBaseListView.php(167): CGridView->renderItems()
#10 unknown(0): CGridView->renderSection()
#11 C:\wamp\www\yii\framework\zii\widgets\CBaseListView.php(150): preg_replace_callback()
#12 C:\wamp\www\yii\framework\zii\widgets\CBaseListView.php(135): CGridView->renderContent()
#13 C:\wamp\www\yii\framework\web\CBaseController.php(173): CGridView->run()
#14 C:\wamp\www\kichwa\protected\views\fotos\admin.php(61): FotosController->widget()
#15 C:\wamp\www\yii\framework\web\CBaseController.php(126): require()
#16 C:\wamp\www\yii\framework\web\CBaseController.php(95): FotosController->renderInternal()
#17 C:\wamp\www\yii\framework\web\CController.php(869): FotosController->renderFile()
#18 C:\wamp\www\yii\framework\web\CController.php(782): FotosController->renderPartial()
#19 C:\wamp\www\kichwa\protected\controllers\FotosController.php(137): FotosController->render()
#20 C:\wamp\www\yii\framework\web\actions\CInlineAction.php(49): FotosController->actionAdmin()
#21 C:\wamp\www\yii\framework\web\CController.php(308): CInlineAction->runWithParams()
#22 C:\wamp\www\yii\framework\web\filters\CFilterChain.php(133): FotosController->runAction()
#23 C:\wamp\www\yii\framework\web\filters\CFilter.php(40): CFilterChain->run()
#24 C:\wamp\www\yii\framework\web\CController.php(1145): CAccessControlFilter->filter()
#25 C:\wamp\www\yii\framework\web\filters\CInlineFilter.php(58): FotosController->filterAccessControl()
#26 C:\wamp\www\yii\framework\web\filters\CFilterChain.php(130): CInlineFilter->filter()
#27 C:\wamp\www\yii\framework\web\CController.php(291): CFilterChain->run()
#28 C:\wamp\www\yii\framework\web\CController.php(265): FotosController->runActionWithFilters()
#29 C:\wamp\www\yii\framework\web\CWebApplication.php(282): FotosController->run()
#30 C:\wamp\www\yii\framework\web\CWebApplication.php(141): CWebApplication->runController()
#31 C:\wamp\www\yii\framework\base\CApplication.php(180): CWebApplication->processRequest()
#32 C:\wamp\www\kichwa\index.php(13): CWebApplication->run()
REQUEST_URI=/kichwa/index.php?r=fotos/admin
in C:\wamp\www\kichwa\protected\views\fotos\admin.php (61)
in C:\wamp\www\kichwa\protected\controllers\FotosController.php (137)
in C:\wamp\www\kichwa\index.php (13)
2015/06/16 05:31:50 [error] [system.db.CDbCommand] CDbCommand::fetchAll() failed: SQLSTATE[42S22]: Column not found: 1054 Unknown column 'nombre' in 'order clause'. The SQL statement executed was: SELECT * FROM `fotos` `t` ORDER BY nombre ASC LIMIT 2.
in C:\wamp\www\kichwa\protected\views\fotos\admin.php (58)
in C:\wamp\www\kichwa\protected\controllers\FotosController.php (137)
in C:\wamp\www\kichwa\index.php (13)
2015/06/16 05:31:50 [error] [exception.CDbException] exception 'CDbException' with message 'CDbCommand failed to execute the SQL statement: SQLSTATE[42S22]: Column not found: 1054 Unknown column 'nombre' in 'order clause'. The SQL statement executed was: SELECT * FROM `fotos` `t` ORDER BY nombre ASC LIMIT 2' in C:\wamp\www\yii\framework\db\CDbCommand.php:543
Stack trace:
#0 C:\wamp\www\yii\framework\db\CDbCommand.php(396): CDbCommand->queryInternal('fetchAll', Array, Array)
#1 C:\wamp\www\yii\framework\db\ar\CActiveRecord.php(1351): CDbCommand->queryAll()
#2 C:\wamp\www\yii\framework\db\ar\CActiveRecord.php(1470): CActiveRecord->query(Object(CDbCriteria), true)
#3 C:\wamp\www\yii\framework\web\CActiveDataProvider.php(199): CActiveRecord->findAll(Object(CDbCriteria))
#4 C:\wamp\www\yii\framework\web\CDataProvider.php(168): CActiveDataProvider->fetchData()
#5 C:\wamp\www\yii\framework\zii\widgets\CBaseListView.php(111): CDataProvider->getData()
#6 C:\wamp\www\yii\framework\zii\widgets\grid\CGridView.php(339): CBaseListView->init()
#7 C:\wamp\www\yii\framework\web\CBaseController.php(147): CGridView->init()
#8 C:\wamp\www\yii\framework\web\CBaseController.php(172): CBaseController->createWidget('zii.widgets.gri...', Array)
#9 C:\wamp\www\kichwa\protected\views\fotos\admin.php(58): CBaseController->widget('zii.widgets.gri...', Array)
#10 C:\wamp\www\yii\framework\web\CBaseController.php(126): require('C:\wamp\www\kic...')
#11 C:\wamp\www\yii\framework\web\CBaseController.php(95): CBaseController->renderInternal('C:\wamp\www\kic...', Array, true)
#12 C:\wamp\www\yii\framework\web\CController.php(869): CBaseController->renderFile('C:\wamp\www\kic...', Array, true)
#13 C:\wamp\www\yii\framework\web\CController.php(782): CController->renderPartial('admin', Array, true)
#14 C:\wamp\www\kichwa\protected\controllers\FotosController.php(137): CController->render('admin', Array)
#15 C:\wamp\www\yii\framework\web\actions\CInlineAction.php(49): FotosController->actionAdmin()
#16 C:\wamp\www\yii\framework\web\CController.php(308): CInlineAction->runWithParams(Array)
#17 C:\wamp\www\yii\framework\web\filters\CFilterChain.php(133): CController->runAction(Object(CInlineAction))
#18 C:\wamp\www\yii\framework\web\filters\CFilter.php(40): CFilterChain->run()
#19 C:\wamp\www\yii\framework\web\CController.php(1145): CFilter->filter(Object(CFilterChain))
#20 C:\wamp\www\yii\framework\web\filters\CInlineFilter.php(58): CController->filterAccessControl(Object(CFilterChain))
#21 C:\wamp\www\yii\framework\web\filters\CFilterChain.php(130): CInlineFilter->filter(Object(CFilterChain))
#22 C:\wamp\www\yii\framework\web\CController.php(291): CFilterChain->run()
#23 C:\wamp\www\yii\framework\web\CController.php(265): CController->runActionWithFilters(Object(CInlineAction), Array)
#24 C:\wamp\www\yii\framework\web\CWebApplication.php(282): CController->run('admin')
#25 C:\wamp\www\yii\framework\web\CWebApplication.php(141): CWebApplication->runController('fotos/admin')
#26 C:\wamp\www\yii\framework\base\CApplication.php(180): CWebApplication->processRequest()
#27 C:\wamp\www\kichwa\index.php(13): CApplication->run()
#28 {main}
REQUEST_URI=/kichwa/index.php?r=fotos/admin
---
2015/06/18 03:33:19 [warning] [application] Failed to set unsafe attribute "ruta" of "Diccionario".
in C:\wamp\www\kichwa\protected\controllers\DiccionarioController.php (68)
in C:\wamp\www\kichwa\index.php (13)
2015/06/18 03:37:53 [warning] [application] Failed to set unsafe attribute "ruta" of "Diccionario".
in C:\wamp\www\kichwa\protected\controllers\DiccionarioController.php (68)
in C:\wamp\www\kichwa\index.php (13)
2015/06/18 03:40:00 [warning] [application] Failed to set unsafe attribute "ruta" of "Diccionario".
in C:\wamp\www\kichwa\protected\controllers\DiccionarioController.php (133)
in C:\wamp\www\kichwa\index.php (13)
2015/06/18 03:40:07 [warning] [application] Failed to set unsafe attribute "ruta" of "Diccionario".
in C:\wamp\www\kichwa\protected\controllers\DiccionarioController.php (133)
in C:\wamp\www\kichwa\index.php (13)
2015/06/18 03:54:08 [error] [exception.CHttpException.404] exception 'CHttpException' with message 'Unable to resolve the request "imagenes".' in C:\wamp\www\yii\framework\web\CWebApplication.php:286
Stack trace:
#0 C:\wamp\www\yii\framework\web\CWebApplication.php(141): CWebApplication->runController('imagenes')
#1 C:\wamp\www\yii\framework\base\CApplication.php(180): CWebApplication->processRequest()
#2 C:\wamp\www\kichwa\index.php(13): CApplication->run()
#3 {main}
REQUEST_URI=/kichwa/index.php?r=imagenes
---
2015/06/19 04:09:51 [warning] [application] Failed to set unsafe attribute "ruta" of "Diccionario".
in C:\wamp\www\kichwa\protected\controllers\DiccionarioController.php (68)
in C:\wamp\www\kichwa\index.php (13)
2015/06/22 02:38:38 [error] [system.db.CDbCommand] CDbCommand::execute() failed: SQLSTATE[23000]: Integrity constraint violation: 1451 Cannot delete or update a parent row: a foreign key constraint fails (`kichwa`.`t_usuarios`, CONSTRAINT `FK_REFERENCE_1` FOREIGN KEY (`IDROL`) REFERENCES `t_roles` (`IDROL`)). The SQL statement executed was: DELETE FROM `t_roles` WHERE `t_roles`.`IDROL`=2.
in C:\wamp\www\kichwa\protected\controllers\TRolesController.php (113)
in C:\wamp\www\kichwa\index.php (13)
2015/06/22 02:38:38 [error] [exception.CDbException] exception 'CDbException' with message 'CDbCommand failed to execute the SQL statement: SQLSTATE[23000]: Integrity constraint violation: 1451 Cannot delete or update a parent row: a foreign key constraint fails (`kichwa`.`t_usuarios`, CONSTRAINT `FK_REFERENCE_1` FOREIGN KEY (`IDROL`) REFERENCES `t_roles` (`IDROL`)). The SQL statement executed was: DELETE FROM `t_roles` WHERE `t_roles`.`IDROL`=2' in C:\wamp\www\yii\framework\db\CDbCommand.php:358
Stack trace:
#0 C:\wamp\www\yii\framework\db\ar\CActiveRecord.php(1802): CDbCommand->execute()
#1 C:\wamp\www\yii\framework\db\ar\CActiveRecord.php(1222): CActiveRecord->deleteByPk('2')
#2 C:\wamp\www\kichwa\protected\controllers\TRolesController.php(113): CActiveRecord->delete()
#3 [internal function]: TRolesController->actionDelete('2')
#4 C:\wamp\www\yii\framework\web\actions\CAction.php(108): ReflectionMethod->invokeArgs(Object(TRolesController), Array)
#5 C:\wamp\www\yii\framework\web\actions\CInlineAction.php(47): CAction->runWithParamsInternal(Object(TRolesController), Object(ReflectionMethod), Array)
#6 C:\wamp\www\yii\framework\web\CController.php(308): CInlineAction->runWithParams(Array)
#7 C:\wamp\www\yii\framework\web\filters\CFilterChain.php(133): CController->runAction(Object(CInlineAction))
#8 C:\wamp\www\yii\framework\web\CController.php(1116): CFilterChain->run()
#9 C:\wamp\www\yii\framework\web\filters\CInlineFilter.php(58): CController->filterPostOnly(Object(CFilterChain))
#10 C:\wamp\www\yii\framework\web\filters\CFilterChain.php(130): CInlineFilter->filter(Object(CFilterChain))
#11 C:\wamp\www\yii\framework\web\filters\CFilter.php(40): CFilterChain->run()
#12 C:\wamp\www\yii\framework\web\CController.php(1145): CFilter->filter(Object(CFilterChain))
#13 C:\wamp\www\yii\framework\web\filters\CInlineFilter.php(58): CController->filterAccessControl(Object(CFilterChain))
#14 C:\wamp\www\yii\framework\web\filters\CFilterChain.php(130): CInlineFilter->filter(Object(CFilterChain))
#15 C:\wamp\www\yii\framework\web\CController.php(291): CFilterChain->run()
#16 C:\wamp\www\yii\framework\web\CController.php(265): CController->runActionWithFilters(Object(CInlineAction), Array)
#17 C:\wamp\www\yii\framework\web\CWebApplication.php(282): CController->run('delete')
#18 C:\wamp\www\yii\framework\web\CWebApplication.php(141): CWebApplication->runController('tRoles/delete')
#19 C:\wamp\www\yii\framework\base\CApplication.php(180): CWebApplication->processRequest()
#20 C:\wamp\www\kichwa\index.php(13): CApplication->run()
#21 {main}
REQUEST_URI=/kichwa/index.php?ajax=troles-grid&id=2&r=tRoles%2Fdelete
HTTP_REFERER=http://localhost/kichwa/index.php?r=tRoles/admin
---
2015/06/22 02:43:18 [error] [php] call_user_func() expects parameter 1 to be a valid callback, array must have exactly two members (C:\wamp\www\yii\framework\web\helpers\CHtml.php:2143)
Stack trace:
#0 C:\wamp\www\kichwa\protected\views\tUsuarios\_form.php(24): listData()
#1 C:\wamp\www\yii\framework\web\CBaseController.php(126): require()
#2 C:\wamp\www\yii\framework\web\CBaseController.php(95): TUsuariosController->renderInternal()
#3 C:\wamp\www\yii\framework\web\CController.php(869): TUsuariosController->renderFile()
#4 C:\wamp\www\kichwa\protected\views\tUsuarios\create.php(18): TUsuariosController->renderPartial()
#5 C:\wamp\www\yii\framework\web\CBaseController.php(126): require()
#6 C:\wamp\www\yii\framework\web\CBaseController.php(95): TUsuariosController->renderInternal()
#7 C:\wamp\www\yii\framework\web\CController.php(869): TUsuariosController->renderFile()
#8 C:\wamp\www\yii\framework\web\CController.php(782): TUsuariosController->renderPartial()
#9 C:\wamp\www\kichwa\protected\controllers\TUsuariosController.php(79): TUsuariosController->render()
#10 C:\wamp\www\yii\framework\web\actions\CInlineAction.php(49): TUsuariosController->actionCreate()
#11 C:\wamp\www\yii\framework\web\CController.php(308): CInlineAction->runWithParams()
#12 C:\wamp\www\yii\framework\web\filters\CFilterChain.php(133): TUsuariosController->runAction()
#13 C:\wamp\www\yii\framework\web\filters\CFilter.php(40): CFilterChain->run()
#14 C:\wamp\www\yii\framework\web\CController.php(1145): CAccessControlFilter->filter()
#15 C:\wamp\www\yii\framework\web\filters\CInlineFilter.php(58): TUsuariosController->filterAccessControl()
#16 C:\wamp\www\yii\framework\web\filters\CFilterChain.php(130): CInlineFilter->filter()
#17 C:\wamp\www\yii\framework\web\CController.php(291): CFilterChain->run()
#18 C:\wamp\www\yii\framework\web\CController.php(265): TUsuariosController->runActionWithFilters()
#19 C:\wamp\www\yii\framework\web\CWebApplication.php(282): TUsuariosController->run()
#20 C:\wamp\www\yii\framework\web\CWebApplication.php(141): CWebApplication->runController()
#21 C:\wamp\www\yii\framework\base\CApplication.php(180): CWebApplication->processRequest()
#22 C:\wamp\www\kichwa\index.php(13): CWebApplication->run()
REQUEST_URI=/kichwa/index.php?r=tUsuarios/create
in C:\wamp\www\kichwa\protected\views\tUsuarios\_form.php (24)
in C:\wamp\www\kichwa\protected\views\tUsuarios\create.php (18)
in C:\wamp\www\kichwa\protected\controllers\TUsuariosController.php (79)
